Using pre-set license
Built from '2020.2/release' branch; Version is '2020.2.4f1 (becced5a802b) revision 12504301'; Using compiler version '192528614'; Build Type 'Release'
OS: 'Windows 10 Education; OS build 19042.804; Version 2009; 64bit' Language: 'en' Physical Memory: 16299 MB
BatchMode: 1, IsHumanControllingUs: 0, StartBugReporterOnCrash: 0, Is64bit: 1, IsPro: 0

 COMMAND LINE ARGUMENTS:
C:\Program Files\Unity\Editor\Unity.exe
-adb2
-batchMode
-noUpm
-name
AssetImportWorker0
-projectPath
C:/Users/Majd/Desktop/Eng/game_design/puzzle
-logFile
Logs/AssetImportWorker0.log
-srvPort
50143
Successfully changed project path to: C:/Users/Majd/Desktop/Eng/game_design/puzzle
C:/Users/Majd/Desktop/Eng/game_design/puzzle
Using Asset Import Pipeline V2.
Refreshing native plugins compatible for Editor in 25.23 ms, found 1 plugins.
Preloading 0 native plugins for Editor in 0.00 ms.
Initialize engine version: 2020.2.4f1 (becced5a802b)
[Subsystems] Discovering subsystems at path C:/Program Files/Unity/Editor/Data/Resources/UnitySubsystems
[Subsystems] Discovering subsystems at path C:/Users/Majd/Desktop/Eng/game_design/puzzle/Assets
GfxDevice: creating device client; threaded=0
Direct3D:
    Version:  Direct3D 11.0 [level 11.1]
    Renderer: NVIDIA GeForce RTX 3070 (ID=0x2484)
    Vendor:   
    VRAM:     8043 MB
    Driver:   27.21.14.6140
Initialize mono
Mono path[0] = 'C:/Program Files/Unity/Editor/Data/Managed'
Mono path[1] = 'C:/Program Files/Unity/Editor/Data/MonoBleedingEdge/lib/mono/unityjit'
Mono config path = 'C:/Program Files/Unity/Editor/Data/MonoBleedingEdge/etc'
Using monoOptions --debugger-agent=transport=dt_socket,embedding=1,server=y,suspend=n,address=127.0.0.1:56104
Begin MonoManager ReloadAssembly
Registering precompiled unity dll's ...
Register platform support module: C:/Program Files/Unity/Editor/Data/PlaybackEngines/WindowsStandaloneSupport/UnityEditor.WindowsStandalone.Extensions.dll
Registered in 0.001418 seconds.
Native extension for WindowsStandalone target not found
Refreshing native plugins compatible for Editor in 24.13 ms, found 1 plugins.
Preloading 0 native plugins for Editor in 0.00 ms.
Invoked RoslynAnalysisRunner static constructor.
RoslynAnalysisRunner will not be running.
RoslynAnalysisRunner has terminated.
Mono: successfully reloaded assembly
- Completed reload, in  0.726 seconds
Platform modules already initialized, skipping
Registering precompiled user dll's ...
Registered in 0.000829 seconds.
Begin MonoManager ReloadAssembly
Native extension for WindowsStandalone target not found
Refreshing native plugins compatible for Editor in 24.63 ms, found 1 plugins.
Preloading 0 native plugins for Editor in 0.00 ms.
Invoked RoslynAnalysisRunner static constructor.
RoslynAnalysisRunner will not be running.
RoslynAnalysisRunner has terminated.
Mono: successfully reloaded assembly
- Completed reload, in  0.646 seconds
Platform modules already initialized, skipping
========================================================================
Worker process is ready to serve import requests
Launched and connected shader compiler UnityShaderCompiler.exe after 0.03 seconds
Refreshing native plugins compatible for Editor in 0.63 ms, found 1 plugins.
Preloading 0 native plugins for Editor in 0.00 ms.
Unloading 1797 Unused Serialized files (Serialized files now loaded: 0)
System memory in use before: 84.3 MB.
System memory in use after: 84.3 MB.

Unloading 24 unused Assets to reduce memory usage. Loaded Objects now: 2238.
Total: 1.936600 ms (FindLiveObjects: 0.222500 ms CreateObjectMapping: 0.071700 ms MarkObjects: 1.525400 ms  DeleteObjects: 0.116100 ms)

========================================================================
Received Import Request.
  path: Assets/Scenes
  artifactKey: Guid(6fe8e5a43542491488a160375a3824c5) Importer(815301076,1909f56bfc062723c751e8b465ee728b)
Start importing Assets/Scenes using Guid(6fe8e5a43542491488a160375a3824c5) Importer(815301076,1909f56bfc062723c751e8b465ee728b)  -> (artifact id: '6122599555ffe0265e13f9dfcdb64545') in 0.008172 seconds
  Import took 0.010324 seconds .

========================================================================
Received Import Request.
  Time since last request: 138.474469 seconds.
  path: Assets/animal.jpg
  artifactKey: Guid(3059186abe949d74d8a76f9f77203cdc) Importer(815301076,1909f56bfc062723c751e8b465ee728b)
Start importing Assets/animal.jpg using Guid(3059186abe949d74d8a76f9f77203cdc) Importer(815301076,1909f56bfc062723c751e8b465ee728b)  -> (artifact id: '9134e21a7cf92c78cc4e6b4176c8f25f') in 0.106599 seconds
  Import took 0.109372 seconds .

========================================================================
Received Import Request.
  Time since last request: 40.038139 seconds.
  path: Assets/animal.jpg
  artifactKey: Guid(3059186abe949d74d8a76f9f77203cdc) Importer(815301076,1909f56bfc062723c751e8b465ee728b)
Start importing Assets/animal.jpg using Guid(3059186abe949d74d8a76f9f77203cdc) Importer(815301076,1909f56bfc062723c751e8b465ee728b)  -> (artifact id: '05b28f5b59afe9a03e8d2c845bf07aeb') in 0.077763 seconds
  Import took 0.080611 seconds .

========================================================================
Received Import Request.
  Time since last request: 128.103883 seconds.
  path: Assets/animal.jpg
  artifactKey: Guid(3059186abe949d74d8a76f9f77203cdc) Importer(815301076,1909f56bfc062723c751e8b465ee728b)
Start importing Assets/animal.jpg using Guid(3059186abe949d74d8a76f9f77203cdc) Importer(815301076,1909f56bfc062723c751e8b465ee728b)  -> (artifact id: 'fa1ee34151897b093eb12f70ae5d9cf1') in 0.076706 seconds
  Import took 0.080339 seconds .

========================================================================
Received Import Request.
  Time since last request: 14.879839 seconds.
  path: Assets
  artifactKey: Guid(00000000000000001000000000000000) Importer(815301076,1909f56bfc062723c751e8b465ee728b)
Start importing Assets using Guid(00000000000000001000000000000000) Importer(815301076,1909f56bfc062723c751e8b465ee728b)  -> (artifact id: 'edc3feb264a98656617d3c2cb59c8f16') in 0.006435 seconds
  Import took 0.008917 seconds .

========================================================================
Received Import Request.
  Time since last request: 17.265818 seconds.
  path: Packages/com.unity.2d.spriteshape/Editor/ObjectMenuCreation/DefaultAssets/Sprite Shapes/Closed Sprite Shape.prefab
  artifactKey: Guid(c0583b4e855c74b8c82e7b9b5efb5ce9) Importer(815301076,1909f56bfc062723c751e8b465ee728b)
Start importing Packages/com.unity.2d.spriteshape/Editor/ObjectMenuCreation/DefaultAssets/Sprite Shapes/Closed Sprite Shape.prefab using Guid(c0583b4e855c74b8c82e7b9b5efb5ce9) Importer(815301076,1909f56bfc062723c751e8b465ee728b)  -> (artifact id: '0a08d6309a525af4c05e91d1c81769e4') in 0.027517 seconds
  Import took 0.030026 seconds .

========================================================================
Received Import Request.
  Time since last request: 0.000138 seconds.
  path: Packages/com.unity.2d.spriteshape/Editor/ObjectMenuCreation/DefaultAssets/Sprite Shapes/Open Sprite Shape.prefab
  artifactKey: Guid(86ae7de409eb54f619fb1328e4d42480) Importer(815301076,1909f56bfc062723c751e8b465ee728b)
Start importing Packages/com.unity.2d.spriteshape/Editor/ObjectMenuCreation/DefaultAssets/Sprite Shapes/Open Sprite Shape.prefab using Guid(86ae7de409eb54f619fb1328e4d42480) Importer(815301076,1909f56bfc062723c751e8b465ee728b)  -> (artifact id: '3fce5d50c8269ce7a3f07e9a74972ba5') in 0.006283 seconds
  Import took 0.008224 seconds .

========================================================================
Received Import Request.
  Time since last request: 25.943292 seconds.
  path: Assets/pictures
  artifactKey: Guid(8665a624cfc0710478883f065c2f90bc) Importer(815301076,1909f56bfc062723c751e8b465ee728b)
Start importing Assets/pictures using Guid(8665a624cfc0710478883f065c2f90bc) Importer(815301076,1909f56bfc062723c751e8b465ee728b)  -> (artifact id: '629c5cf68adb2d24f718833bcdbd11d0') in 0.005641 seconds
  Import took 0.008023 seconds .

========================================================================
Received Import Request.
  Time since last request: 26.287136 seconds.
  path: Assets/pictures/animal.jpg
  artifactKey: Guid(3059186abe949d74d8a76f9f77203cdc) Importer(815301076,1909f56bfc062723c751e8b465ee728b)
Start importing Assets/pictures/animal.jpg using Guid(3059186abe949d74d8a76f9f77203cdc) Importer(815301076,1909f56bfc062723c751e8b465ee728b)  -> (artifact id: '6f3f747fb72668042eee22c30d037ce1') in 0.086589 seconds
  Import took 0.089518 seconds .

========================================================================
Received Import Request.
  Time since last request: 122.797065 seconds.
  path: Assets/pictures/animal.jpg
  artifactKey: Guid(3059186abe949d74d8a76f9f77203cdc) Importer(815301076,1909f56bfc062723c751e8b465ee728b)
Start importing Assets/pictures/animal.jpg using Guid(3059186abe949d74d8a76f9f77203cdc) Importer(815301076,1909f56bfc062723c751e8b465ee728b)  -> (artifact id: '1dbc21bdf46d3c76409027ced7f61af2') in 0.076068 seconds
  Import took 0.078924 seconds .

========================================================================
Received Import Request.
  Time since last request: 13.808789 seconds.
  path: Assets/pictures/animal.jpg
  artifactKey: Guid(3059186abe949d74d8a76f9f77203cdc) Importer(815301076,1909f56bfc062723c751e8b465ee728b)
Start importing Assets/pictures/animal.jpg using Guid(3059186abe949d74d8a76f9f77203cdc) Importer(815301076,1909f56bfc062723c751e8b465ee728b)  -> (artifact id: '2403452ed481cd60715885b238092753') in 0.108651 seconds
  Import took 0.111542 seconds .

========================================================================
Received Import Request.
  Time since last request: 490.784545 seconds.
  path: Assets/scripts
  artifactKey: Guid(1b7605f2127762749ab22974cbff3681) Importer(815301076,1909f56bfc062723c751e8b465ee728b)
Start importing Assets/scripts using Guid(1b7605f2127762749ab22974cbff3681) Importer(815301076,1909f56bfc062723c751e8b465ee728b)  -> (artifact id: '8d9ab3866e5ce76c437e02ec573ee167') in 0.005825 seconds
  Import took 0.008511 seconds .

========================================================================
Received Import Request.
  Time since last request: 57.150710 seconds.
  path: Assets/scripts/NewBehaviourScript.cs
  artifactKey: Guid(1aebb65feed6bb6468b552704a293eba) Importer(815301076,1909f56bfc062723c751e8b465ee728b)
Start importing Assets/scripts/NewBehaviourScript.cs using Guid(1aebb65feed6bb6468b552704a293eba) Importer(815301076,1909f56bfc062723c751e8b465ee728b)  -> (artifact id: 'd997278803a503056b03b60f8dce1a0f') in 0.013789 seconds
  Import took 0.016170 seconds .

========================================================================
Received Prepare
Registering precompiled user dll's ...
Registered in 0.000619 seconds.
Begin MonoManager ReloadAssembly
Native extension for WindowsStandalone target not found
Refreshing native plugins compatible for Editor in 0.37 ms, found 1 plugins.
Preloading 0 native plugins for Editor in 0.00 ms.
Invoked RoslynAnalysisRunner static constructor.
RoslynAnalysisRunner will not be running.
RoslynAnalysisRunner has terminated.
Mono: successfully reloaded assembly
- Completed reload, in  0.530 seconds
Platform modules already initialized, skipping
Refreshing native plugins compatible for Editor in 0.24 ms, found 1 plugins.
Preloading 0 native plugins for Editor in 0.00 ms.
Unloading 1793 Unused Serialized files (Serialized files now loaded: 0)
System memory in use before: 87.4 MB.
System memory in use after: 87.4 MB.

Unloading 12 unused Assets to reduce memory usage. Loaded Objects now: 2250.
Total: 1.770700 ms (FindLiveObjects: 0.161800 ms CreateObjectMapping: 0.040300 ms MarkObjects: 1.512400 ms  DeleteObjects: 0.055700 ms)

========================================================================
Received Import Request.
  Time since last request: 166.823473 seconds.
  path: Assets/scripts/NewBehaviourScript.cs
  artifactKey: Guid(1aebb65feed6bb6468b552704a293eba) Importer(815301076,1909f56bfc062723c751e8b465ee728b)
Start importing Assets/scripts/NewBehaviourScript.cs using Guid(1aebb65feed6bb6468b552704a293eba) Importer(815301076,1909f56bfc062723c751e8b465ee728b)  -> (artifact id: '422802b4f8098788172c8c2b702c6497') in 0.004989 seconds
  Import took 0.007565 seconds .

========================================================================
Received Import Request.
  Time since last request: 265.234032 seconds.
  path: Assets/scripts/GameControl.cs
  artifactKey: Guid(4286cf09d7654054a93b84aed5144f88) Importer(815301076,1909f56bfc062723c751e8b465ee728b)
Start importing Assets/scripts/GameControl.cs using Guid(4286cf09d7654054a93b84aed5144f88) Importer(815301076,1909f56bfc062723c751e8b465ee728b)  -> (artifact id: 'bdc528eed497f1108b74c09473271857') in 0.005642 seconds
  Import took 0.008320 seconds .

========================================================================
Received Import Request.
  Time since last request: 398.105588 seconds.
  path: Assets/scripts/GameControl.cs
  artifactKey: Guid(4286cf09d7654054a93b84aed5144f88) Importer(815301076,1909f56bfc062723c751e8b465ee728b)
Start importing Assets/scripts/GameControl.cs using Guid(4286cf09d7654054a93b84aed5144f88) Importer(815301076,1909f56bfc062723c751e8b465ee728b)  -> (artifact id: '1d3b6cd0450c3af057b7cfe96e27bb61') in 0.002902 seconds
  Import took 0.005673 seconds .

========================================================================
Received Import Request.
  Time since last request: 0.991865 seconds.
  path: Assets/scripts/NewBehaviourScript.cs
  artifactKey: Guid(1aebb65feed6bb6468b552704a293eba) Importer(815301076,1909f56bfc062723c751e8b465ee728b)
Start importing Assets/scripts/NewBehaviourScript.cs using Guid(1aebb65feed6bb6468b552704a293eba) Importer(815301076,1909f56bfc062723c751e8b465ee728b)  -> (artifact id: '2ed405bbc3a64fbb8a0c59307b4bf378') in 0.002399 seconds
  Import took 0.004910 seconds .

========================================================================
Received Import Request.
  Time since last request: 424.887307 seconds.
  path: Assets/scripts/GameControl.cs
  artifactKey: Guid(4286cf09d7654054a93b84aed5144f88) Importer(815301076,1909f56bfc062723c751e8b465ee728b)
Start importing Assets/scripts/GameControl.cs using Guid(4286cf09d7654054a93b84aed5144f88) Importer(815301076,1909f56bfc062723c751e8b465ee728b)  -> (artifact id: '8ed54f56b39d1d26debb7246d0c8d0b9') in 0.003259 seconds
  Import took 0.006094 seconds .

========================================================================
Received Prepare
Registering precompiled user dll's ...
Registered in 0.000736 seconds.
Begin MonoManager ReloadAssembly
Native extension for WindowsStandalone target not found
Refreshing native plugins compatible for Editor in 0.37 ms, found 1 plugins.
Preloading 0 native plugins for Editor in 0.00 ms.
Invoked RoslynAnalysisRunner static constructor.
RoslynAnalysisRunner will not be running.
RoslynAnalysisRunner has terminated.
Mono: successfully reloaded assembly
- Completed reload, in  0.538 seconds
Platform modules already initialized, skipping
Refreshing native plugins compatible for Editor in 0.24 ms, found 1 plugins.
Preloading 0 native plugins for Editor in 0.00 ms.
Unloading 1794 Unused Serialized files (Serialized files now loaded: 0)
System memory in use before: 87.5 MB.
System memory in use after: 87.5 MB.

Unloading 12 unused Assets to reduce memory usage. Loaded Objects now: 2254.
Total: 1.814200 ms (FindLiveObjects: 0.205300 ms CreateObjectMapping: 0.065700 ms MarkObjects: 1.481100 ms  DeleteObjects: 0.061400 ms)

========================================================================
Received Prepare
Registering precompiled user dll's ...
Registered in 0.000778 seconds.
Begin MonoManager ReloadAssembly
Native extension for WindowsStandalone target not found
Refreshing native plugins compatible for Editor in 0.38 ms, found 1 plugins.
Preloading 0 native plugins for Editor in 0.00 ms.
Invoked RoslynAnalysisRunner static constructor.
RoslynAnalysisRunner will not be running.
RoslynAnalysisRunner has terminated.
Mono: successfully reloaded assembly
- Completed reload, in  0.604 seconds
Platform modules already initialized, skipping
Refreshing native plugins compatible for Editor in 0.37 ms, found 1 plugins.
Preloading 0 native plugins for Editor in 0.00 ms.
Unloading 1794 Unused Serialized files (Serialized files now loaded: 0)
System memory in use before: 87.5 MB.
System memory in use after: 87.5 MB.

Unloading 12 unused Assets to reduce memory usage. Loaded Objects now: 2257.
Total: 1.971700 ms (FindLiveObjects: 0.222400 ms CreateObjectMapping: 0.054900 ms MarkObjects: 1.605000 ms  DeleteObjects: 0.088700 ms)

========================================================================
Received Import Request.
  Time since last request: 357.320681 seconds.
  path: Assets/scripts/GameControl.cs
  artifactKey: Guid(4286cf09d7654054a93b84aed5144f88) Importer(815301076,1909f56bfc062723c751e8b465ee728b)
Start importing Assets/scripts/GameControl.cs using Guid(4286cf09d7654054a93b84aed5144f88) Importer(815301076,1909f56bfc062723c751e8b465ee728b)  -> (artifact id: '5d4d4bcd8182fd162b541319d6d98f12') in 0.005254 seconds
  Import took 0.008155 seconds .

========================================================================
Received Prepare
Registering precompiled user dll's ...
Registered in 0.000798 seconds.
Begin MonoManager ReloadAssembly
Native extension for WindowsStandalone target not found
Refreshing native plugins compatible for Editor in 0.36 ms, found 1 plugins.
Preloading 0 native plugins for Editor in 0.00 ms.
Invoked RoslynAnalysisRunner static constructor.
RoslynAnalysisRunner will not be running.
RoslynAnalysisRunner has terminated.
Mono: successfully reloaded assembly
- Completed reload, in  0.523 seconds
Platform modules already initialized, skipping
Refreshing native plugins compatible for Editor in 0.26 ms, found 1 plugins.
Preloading 0 native plugins for Editor in 0.00 ms.
Unloading 1794 Unused Serialized files (Serialized files now loaded: 0)
System memory in use before: 87.5 MB.
System memory in use after: 87.5 MB.

Unloading 12 unused Assets to reduce memory usage. Loaded Objects now: 2260.
Total: 1.898600 ms (FindLiveObjects: 0.192000 ms CreateObjectMapping: 0.063900 ms MarkObjects: 1.581800 ms  DeleteObjects: 0.060300 ms)

========================================================================
Received Prepare
Registering precompiled user dll's ...
Registered in 0.000698 seconds.
Begin MonoManager ReloadAssembly
Native extension for WindowsStandalone target not found
Refreshing native plugins compatible for Editor in 0.36 ms, found 1 plugins.
Preloading 0 native plugins for Editor in 0.00 ms.
Invoked RoslynAnalysisRunner static constructor.
RoslynAnalysisRunner will not be running.
RoslynAnalysisRunner has terminated.
Mono: successfully reloaded assembly
- Completed reload, in  0.531 seconds
Platform modules already initialized, skipping
Refreshing native plugins compatible for Editor in 0.27 ms, found 1 plugins.
Preloading 0 native plugins for Editor in 0.00 ms.
Unloading 1794 Unused Serialized files (Serialized files now loaded: 0)
System memory in use before: 87.5 MB.
System memory in use after: 87.5 MB.

Unloading 12 unused Assets to reduce memory usage. Loaded Objects now: 2263.
Total: 1.800900 ms (FindLiveObjects: 0.187500 ms CreateObjectMapping: 0.050800 ms MarkObjects: 1.496400 ms  DeleteObjects: 0.065400 ms)

AssetImportWorkerClient::OnTransportError - code=2 error=End of file
